Mono path[0] = 'C:/Users/dudrj/unityworkspace/RLProject/Env/DSRML_Data/Managed'
Mono config path = 'C:/Users/dudrj/unityworkspace/RLProject/Env/MonoBleedingEdge/etc'
[Physics::Module] Initialized fallback backend.
[Physics::Module] Id: 0xdecafbad
Initialize engine version: 6000.0.30f1 (62b05ba0686a)
[Subsystems] Discovering subsystems at path C:/Users/dudrj/unityworkspace/RLProject/Env/DSRML_Data/UnitySubsystems
kGfxThreadingModeSplitJobs is not supported on Direct3D 11. Reverting to kGfxThreadingModeClientWorkerJobs instead.
GfxDevice: creating device client; kGfxThreadingModeClientWorkerJobs
Direct3D:
    Version:  Direct3D 11.0 [level 11.1]
    Renderer: NVIDIA GeForce GTX 1660 SUPER (ID=0x21c4)
    Vendor:   NVIDIA
    VRAM:     5966 MB
    Driver:   32.0.15.6117
Begin MonoManager ReloadAssembly
- Loaded All Assemblies, in  0.097 seconds
- Finished resetting the current domain, in  0.002 seconds
[Physics::Module] Selected backend.
[Physics::Module] Name: PhysX
[Physics::Module] Id: 0xf2b8ea05
[Physics::Module] SDK Version: 4.1.2
[Physics::Module] Integration Version: 1.0.0
[Physics::Module] Threading Mode: Multi-Threaded
<RI> Initializing input.
<RI> Input initialized.
<RI> Initialized touch support.
UnloadTime: 0.438000 ms
Registered Communicator in Agent.
Target is not in Bound
UnityAgentsException: CollectObservations called recursively. This might happen if you call EnvironmentStep() or EndEpisode() from custom code such as CollectObservations() or OnActionReceived().
  at Unity.MLAgents.RecursionChecker.Start () [0x0001d] in <6cba0b44242d4b2cba9dd15275fab7de>:0 
  at Unity.MLAgents.Agent.NotifyAgentDone (Unity.MLAgents.Agent+DoneReason doneReason) [0x00073] in <6cba0b44242d4b2cba9dd15275fab7de>:0 
  at Unity.MLAgents.Agent.EndEpisodeAndReset (Unity.MLAgents.Agent+DoneReason reason) [0x00000] in <6cba0b44242d4b2cba9dd15275fab7de>:0 
  at Unity.MLAgents.Agent.EndEpisode () [0x00000] in <6cba0b44242d4b2cba9dd15275fab7de>:0 
  at MyMLAgents.trainer2.CollectObservations (Unity.MLAgents.Sensors.VectorSensor sensor) [0x0006b] in <32c64a3bd0864be485929d80506003dc>:0 
  at Unity.MLAgents.Agent.SendInfoToBrain () [0x0006e] in <6cba0b44242d4b2cba9dd15275fab7de>:0 
  at Unity.MLAgents.Agent.SendInfo () [0x00008] in <6cba0b44242d4b2cba9dd15275fab7de>:0 
  at (wrapper delegate-invoke) <Module>.invoke_void()
  at Unity.MLAgents.Academy.EnvironmentStep () [0x00078] in <6cba0b44242d4b2cba9dd15275fab7de>:0 
  at MyMLAgents.trainingManager2.Update () [0x0001d] in <32c64a3bd0864be485929d80506003dc>:0 

[Physics::Module] Cleanup current backned.
[Physics::Module] Id: 0xf2b8ea05
