Mono path[0] = 'C:/Users/dudrj/unityworkspace/RLProject/Env/DSRML_Data/Managed'
Mono config path = 'C:/Users/dudrj/unityworkspace/RLProject/Env/MonoBleedingEdge/etc'
[Physics::Module] Initialized fallback backend.
[Physics::Module] Id: 0xdecafbad
Initialize engine version: 6000.0.30f1 (62b05ba0686a)
[Subsystems] Discovering subsystems at path C:/Users/dudrj/unityworkspace/RLProject/Env/DSRML_Data/UnitySubsystems
kGfxThreadingModeSplitJobs is not supported on Direct3D 11. Reverting to kGfxThreadingModeClientWorkerJobs instead.
GfxDevice: creating device client; kGfxThreadingModeClientWorkerJobs
Direct3D:
    Version:  Direct3D 11.0 [level 11.1]
    Renderer: NVIDIA GeForce GTX 1660 SUPER (ID=0x21c4)
    Vendor:   NVIDIA
    VRAM:     5966 MB
    Driver:   32.0.15.6117
Begin MonoManager ReloadAssembly
- Loaded All Assemblies, in  0.097 seconds
- Finished resetting the current domain, in  0.002 seconds
[Physics::Module] Selected backend.
[Physics::Module] Name: PhysX
[Physics::Module] Id: 0xf2b8ea05
[Physics::Module] SDK Version: 4.1.2
[Physics::Module] Integration Version: 1.0.0
[Physics::Module] Threading Mode: Multi-Threaded
<RI> Initializing input.
<RI> Input initialized.
<RI> Initialized touch support.
UnloadTime: 0.498400 ms
Registered Communicator in Agent.
Reward for Episode1: 1
Reward for Episode2: 0
Reward for Episode3: 0
Reward for Episode4: 0
Reward for Episode5: 0
Reward for Episode6: 0
Reward for Episode7: 0
Reward for Episode8: 0
Reward for Episode9: 0
Reward for Episode10: 0
Reward for Episode11: 0
Unable to save timers to file C:/Users/dudrj/unityworkspace/RLProject/Env/DSRML_Data\ML-Agents\Timers\ML_timers.json
[Physics::Module] Cleanup current backned.
[Physics::Module] Id: 0xf2b8ea05
